ERROR - 2025-05-25 07:15:18 --> mysqli_sql_exception: Can't create table `psikologi_test`.`question` (errno: 150 "Foreign key constraint is incorrectly formed") in C:\xampp\htdocs\TestPsikolog_IMK\system\Database\MySQLi\Connection.php:327
Stack trace:
#0 C:\xampp\htdocs\TestPsikolog_IMK\system\Database\MySQLi\Connection.php(327): mysqli->query('CREATE TABLE `q...', 0)
#1 C:\xampp\htdocs\TestPsikolog_IMK\system\Database\BaseConnection.php(738): CodeIgniter\Database\MySQLi\Connection->execute('CREATE TABLE `q...')
#2 C:\xampp\htdocs\TestPsikolog_IMK\system\Database\BaseConnection.php(652): CodeIgniter\Database\BaseConnection->simpleQuery('CREATE TABLE `q...')
#3 C:\xampp\htdocs\TestPsikolog_IMK\system\Database\Forge.php(570): CodeIgniter\Database\BaseConnection->query('CREATE TABLE `q...')
#4 C:\xampp\htdocs\TestPsikolog_IMK\app\Database\Migrations\2025-05-25-062923_CreateQuestionTable.php(31): CodeIgniter\Database\Forge->createTable('question')
#5 C:\xampp\htdocs\TestPsikolog_IMK\system\Database\MigrationRunner.php(866): App\Database\Migrations\CreateQuestionTable->up()
#6 C:\xampp\htdocs\TestPsikolog_IMK\system\Database\MigrationRunner.php(182): CodeIgniter\Database\MigrationRunner->migrate('up', Object(stdClass))
#7 C:\xampp\htdocs\TestPsikolog_IMK\system\Commands\Database\Migrate.php(85): CodeIgniter\Database\MigrationRunner->latest(NULL)
#8 C:\xampp\htdocs\TestPsikolog_IMK\system\CLI\Commands.php(70): CodeIgniter\Commands\Database\Migrate->run(Array)
#9 C:\xampp\htdocs\TestPsikolog_IMK\system\CLI\Console.php(48): CodeIgniter\CLI\Commands->run('migrate', Array)
#10 C:\xampp\htdocs\TestPsikolog_IMK\system\Boot.php(360): CodeIgniter\CLI\Console->run()
#11 C:\xampp\htdocs\TestPsikolog_IMK\system\Boot.php(104): CodeIgniter\Boot::runCommand(Object(CodeIgniter\CLI\Console))
#12 C:\xampp\htdocs\TestPsikolog_IMK\spark(84): CodeIgniter\Boot::bootSpark(Object(Config\Paths))
#13 {main}
ERROR - 2025-05-25 07:18:18 --> mysqli_sql_exception: Can't create table `psikologi_test`.`question` (errno: 150 "Foreign key constraint is incorrectly formed") in C:\xampp\htdocs\TestPsikolog_IMK\system\Database\MySQLi\Connection.php:327
Stack trace:
#0 C:\xampp\htdocs\TestPsikolog_IMK\system\Database\MySQLi\Connection.php(327): mysqli->query('CREATE TABLE `q...', 0)
#1 C:\xampp\htdocs\TestPsikolog_IMK\system\Database\BaseConnection.php(738): CodeIgniter\Database\MySQLi\Connection->execute('CREATE TABLE `q...')
#2 C:\xampp\htdocs\TestPsikolog_IMK\system\Database\BaseConnection.php(652): CodeIgniter\Database\BaseConnection->simpleQuery('CREATE TABLE `q...')
#3 C:\xampp\htdocs\TestPsikolog_IMK\system\Database\Forge.php(570): CodeIgniter\Database\BaseConnection->query('CREATE TABLE `q...')
#4 C:\xampp\htdocs\TestPsikolog_IMK\app\Database\Migrations\2025-05-25-062923_CreateQuestionTable.php(31): CodeIgniter\Database\Forge->createTable('question')
#5 C:\xampp\htdocs\TestPsikolog_IMK\system\Database\MigrationRunner.php(866): App\Database\Migrations\CreateQuestionTable->up()
#6 C:\xampp\htdocs\TestPsikolog_IMK\system\Database\MigrationRunner.php(182): CodeIgniter\Database\MigrationRunner->migrate('up', Object(stdClass))
#7 C:\xampp\htdocs\TestPsikolog_IMK\system\Commands\Database\Migrate.php(85): CodeIgniter\Database\MigrationRunner->latest(NULL)
#8 C:\xampp\htdocs\TestPsikolog_IMK\system\CLI\Commands.php(70): CodeIgniter\Commands\Database\Migrate->run(Array)
#9 C:\xampp\htdocs\TestPsikolog_IMK\system\CLI\Console.php(48): CodeIgniter\CLI\Commands->run('migrate', Array)
#10 C:\xampp\htdocs\TestPsikolog_IMK\system\Boot.php(360): CodeIgniter\CLI\Console->run()
#11 C:\xampp\htdocs\TestPsikolog_IMK\system\Boot.php(104): CodeIgniter\Boot::runCommand(Object(CodeIgniter\CLI\Console))
#12 C:\xampp\htdocs\TestPsikolog_IMK\spark(84): CodeIgniter\Boot::bootSpark(Object(Config\Paths))
#13 {main}
ERROR - 2025-05-25 07:23:23 --> mysqli_sql_exception: Can't create table `psikologi_test`.`question` (errno: 150 "Foreign key constraint is incorrectly formed") in C:\xampp\htdocs\TestPsikolog_IMK\system\Database\MySQLi\Connection.php:327
Stack trace:
#0 C:\xampp\htdocs\TestPsikolog_IMK\system\Database\MySQLi\Connection.php(327): mysqli->query('CREATE TABLE `q...', 0)
#1 C:\xampp\htdocs\TestPsikolog_IMK\system\Database\BaseConnection.php(738): CodeIgniter\Database\MySQLi\Connection->execute('CREATE TABLE `q...')
#2 C:\xampp\htdocs\TestPsikolog_IMK\system\Database\BaseConnection.php(652): CodeIgniter\Database\BaseConnection->simpleQuery('CREATE TABLE `q...')
#3 C:\xampp\htdocs\TestPsikolog_IMK\system\Database\Forge.php(570): CodeIgniter\Database\BaseConnection->query('CREATE TABLE `q...')
#4 C:\xampp\htdocs\TestPsikolog_IMK\app\Database\Migrations\2025-05-25-062923_CreateQuestionTable.php(31): CodeIgniter\Database\Forge->createTable('question')
#5 C:\xampp\htdocs\TestPsikolog_IMK\system\Database\MigrationRunner.php(866): App\Database\Migrations\CreateQuestionTable->up()
#6 C:\xampp\htdocs\TestPsikolog_IMK\system\Database\MigrationRunner.php(182): CodeIgniter\Database\MigrationRunner->migrate('up', Object(stdClass))
#7 C:\xampp\htdocs\TestPsikolog_IMK\system\Commands\Database\Migrate.php(85): CodeIgniter\Database\MigrationRunner->latest(NULL)
#8 C:\xampp\htdocs\TestPsikolog_IMK\system\CLI\Commands.php(70): CodeIgniter\Commands\Database\Migrate->run(Array)
#9 C:\xampp\htdocs\TestPsikolog_IMK\system\CLI\Console.php(48): CodeIgniter\CLI\Commands->run('migrate', Array)
#10 C:\xampp\htdocs\TestPsikolog_IMK\system\Boot.php(360): CodeIgniter\CLI\Console->run()
#11 C:\xampp\htdocs\TestPsikolog_IMK\system\Boot.php(104): CodeIgniter\Boot::runCommand(Object(CodeIgniter\CLI\Console))
#12 C:\xampp\htdocs\TestPsikolog_IMK\spark(84): CodeIgniter\Boot::bootSpark(Object(Config\Paths))
#13 {main}
ERROR - 2025-05-25 07:28:10 --> mysqli_sql_exception: Can't create table `psikologi_test`.`user_jawaban` (errno: 150 "Foreign key constraint is incorrectly formed") in C:\xampp\htdocs\TestPsikolog_IMK\system\Database\MySQLi\Connection.php:327
Stack trace:
#0 C:\xampp\htdocs\TestPsikolog_IMK\system\Database\MySQLi\Connection.php(327): mysqli->query('CREATE TABLE `u...', 0)
#1 C:\xampp\htdocs\TestPsikolog_IMK\system\Database\BaseConnection.php(738): CodeIgniter\Database\MySQLi\Connection->execute('CREATE TABLE `u...')
#2 C:\xampp\htdocs\TestPsikolog_IMK\system\Database\BaseConnection.php(652): CodeIgniter\Database\BaseConnection->simpleQuery('CREATE TABLE `u...')
#3 C:\xampp\htdocs\TestPsikolog_IMK\system\Database\Forge.php(570): CodeIgniter\Database\BaseConnection->query('CREATE TABLE `u...')
#4 C:\xampp\htdocs\TestPsikolog_IMK\app\Database\Migrations\2025-05-25-063007_CreateUserJawabanTable.php(62): CodeIgniter\Database\Forge->createTable('user_jawaban')
#5 C:\xampp\htdocs\TestPsikolog_IMK\system\Database\MigrationRunner.php(866): App\Database\Migrations\CreateUserJawabanTable->up()
#6 C:\xampp\htdocs\TestPsikolog_IMK\system\Database\MigrationRunner.php(182): CodeIgniter\Database\MigrationRunner->migrate('up', Object(stdClass))
#7 C:\xampp\htdocs\TestPsikolog_IMK\system\Commands\Database\Migrate.php(85): CodeIgniter\Database\MigrationRunner->latest(NULL)
#8 C:\xampp\htdocs\TestPsikolog_IMK\system\CLI\Commands.php(70): CodeIgniter\Commands\Database\Migrate->run(Array)
#9 C:\xampp\htdocs\TestPsikolog_IMK\system\CLI\Console.php(48): CodeIgniter\CLI\Commands->run('migrate', Array)
#10 C:\xampp\htdocs\TestPsikolog_IMK\system\Boot.php(360): CodeIgniter\CLI\Console->run()
#11 C:\xampp\htdocs\TestPsikolog_IMK\system\Boot.php(104): CodeIgniter\Boot::runCommand(Object(CodeIgniter\CLI\Console))
#12 C:\xampp\htdocs\TestPsikolog_IMK\spark(84): CodeIgniter\Boot::bootSpark(Object(Config\Paths))
#13 {main}
ERROR - 2025-05-25 07:29:13 --> mysqli_sql_exception: Can't create table `psikologi_test`.`test_result` (errno: 150 "Foreign key constraint is incorrectly formed") in C:\xampp\htdocs\TestPsikolog_IMK\system\Database\MySQLi\Connection.php:327
Stack trace:
#0 C:\xampp\htdocs\TestPsikolog_IMK\system\Database\MySQLi\Connection.php(327): mysqli->query('CREATE TABLE `t...', 0)
#1 C:\xampp\htdocs\TestPsikolog_IMK\system\Database\BaseConnection.php(738): CodeIgniter\Database\MySQLi\Connection->execute('CREATE TABLE `t...')
#2 C:\xampp\htdocs\TestPsikolog_IMK\system\Database\BaseConnection.php(652): CodeIgniter\Database\BaseConnection->simpleQuery('CREATE TABLE `t...')
#3 C:\xampp\htdocs\TestPsikolog_IMK\system\Database\Forge.php(570): CodeIgniter\Database\BaseConnection->query('CREATE TABLE `t...')
#4 C:\xampp\htdocs\TestPsikolog_IMK\app\Database\Migrations\2025-05-25-063038_CreateTestResultTable.php(51): CodeIgniter\Database\Forge->createTable('test_result')
#5 C:\xampp\htdocs\TestPsikolog_IMK\system\Database\MigrationRunner.php(866): App\Database\Migrations\CreateTestResultTable->up()
#6 C:\xampp\htdocs\TestPsikolog_IMK\system\Database\MigrationRunner.php(182): CodeIgniter\Database\MigrationRunner->migrate('up', Object(stdClass))
#7 C:\xampp\htdocs\TestPsikolog_IMK\system\Commands\Database\Migrate.php(85): CodeIgniter\Database\MigrationRunner->latest(NULL)
#8 C:\xampp\htdocs\TestPsikolog_IMK\system\CLI\Commands.php(70): CodeIgniter\Commands\Database\Migrate->run(Array)
#9 C:\xampp\htdocs\TestPsikolog_IMK\system\CLI\Console.php(48): CodeIgniter\CLI\Commands->run('migrate', Array)
#10 C:\xampp\htdocs\TestPsikolog_IMK\system\Boot.php(360): CodeIgniter\CLI\Console->run()
#11 C:\xampp\htdocs\TestPsikolog_IMK\system\Boot.php(104): CodeIgniter\Boot::runCommand(Object(CodeIgniter\CLI\Console))
#12 C:\xampp\htdocs\TestPsikolog_IMK\spark(84): CodeIgniter\Boot::bootSpark(Object(Config\Paths))
#13 {main}
ERROR - 2025-05-25 07:30:00 --> mysqli_sql_exception: Can't create table `psikologi_test`.`keyword` (errno: 150 "Foreign key constraint is incorrectly formed") in C:\xampp\htdocs\TestPsikolog_IMK\system\Database\MySQLi\Connection.php:327
Stack trace:
#0 C:\xampp\htdocs\TestPsikolog_IMK\system\Database\MySQLi\Connection.php(327): mysqli->query('CREATE TABLE `k...', 0)
#1 C:\xampp\htdocs\TestPsikolog_IMK\system\Database\BaseConnection.php(738): CodeIgniter\Database\MySQLi\Connection->execute('CREATE TABLE `k...')
#2 C:\xampp\htdocs\TestPsikolog_IMK\system\Database\BaseConnection.php(652): CodeIgniter\Database\BaseConnection->simpleQuery('CREATE TABLE `k...')
#3 C:\xampp\htdocs\TestPsikolog_IMK\system\Database\Forge.php(570): CodeIgniter\Database\BaseConnection->query('CREATE TABLE `k...')
#4 C:\xampp\htdocs\TestPsikolog_IMK\app\Database\Migrations\2025-05-25-063219_CreateKeywordTable.php(40): CodeIgniter\Database\Forge->createTable('keyword')
#5 C:\xampp\htdocs\TestPsikolog_IMK\system\Database\MigrationRunner.php(866): App\Database\Migrations\CreateKeywordTable->up()
#6 C:\xampp\htdocs\TestPsikolog_IMK\system\Database\MigrationRunner.php(182): CodeIgniter\Database\MigrationRunner->migrate('up', Object(stdClass))
#7 C:\xampp\htdocs\TestPsikolog_IMK\system\Commands\Database\Migrate.php(85): CodeIgniter\Database\MigrationRunner->latest(NULL)
#8 C:\xampp\htdocs\TestPsikolog_IMK\system\CLI\Commands.php(70): CodeIgniter\Commands\Database\Migrate->run(Array)
#9 C:\xampp\htdocs\TestPsikolog_IMK\system\CLI\Console.php(48): CodeIgniter\CLI\Commands->run('migrate', Array)
#10 C:\xampp\htdocs\TestPsikolog_IMK\system\Boot.php(360): CodeIgniter\CLI\Console->run()
#11 C:\xampp\htdocs\TestPsikolog_IMK\system\Boot.php(104): CodeIgniter\Boot::runCommand(Object(CodeIgniter\CLI\Console))
#12 C:\xampp\htdocs\TestPsikolog_IMK\spark(84): CodeIgniter\Boot::bootSpark(Object(Config\Paths))
#13 {main}
ERROR - 2025-05-25 07:31:34 --> mysqli_sql_exception: Can't create table `psikologi_test`.`test_result` (errno: 150 "Foreign key constraint is incorrectly formed") in C:\xampp\htdocs\TestPsikolog_IMK\system\Database\MySQLi\Connection.php:327
Stack trace:
#0 C:\xampp\htdocs\TestPsikolog_IMK\system\Database\MySQLi\Connection.php(327): mysqli->query('CREATE TABLE `t...', 0)
#1 C:\xampp\htdocs\TestPsikolog_IMK\system\Database\BaseConnection.php(738): CodeIgniter\Database\MySQLi\Connection->execute('CREATE TABLE `t...')
#2 C:\xampp\htdocs\TestPsikolog_IMK\system\Database\BaseConnection.php(652): CodeIgniter\Database\BaseConnection->simpleQuery('CREATE TABLE `t...')
#3 C:\xampp\htdocs\TestPsikolog_IMK\system\Database\Forge.php(570): CodeIgniter\Database\BaseConnection->query('CREATE TABLE `t...')
#4 C:\xampp\htdocs\TestPsikolog_IMK\app\Database\Migrations\2025-05-25-072947_CreateTestResultTable.php(51): CodeIgniter\Database\Forge->createTable('test_result')
#5 C:\xampp\htdocs\TestPsikolog_IMK\system\Database\MigrationRunner.php(866): App\Database\Migrations\CreateTestResultTable->up()
#6 C:\xampp\htdocs\TestPsikolog_IMK\system\Database\MigrationRunner.php(182): CodeIgniter\Database\MigrationRunner->migrate('up', Object(stdClass))
#7 C:\xampp\htdocs\TestPsikolog_IMK\system\Commands\Database\Migrate.php(85): CodeIgniter\Database\MigrationRunner->latest(NULL)
#8 C:\xampp\htdocs\TestPsikolog_IMK\system\CLI\Commands.php(70): CodeIgniter\Commands\Database\Migrate->run(Array)
#9 C:\xampp\htdocs\TestPsikolog_IMK\system\CLI\Console.php(48): CodeIgniter\CLI\Commands->run('migrate', Array)
#10 C:\xampp\htdocs\TestPsikolog_IMK\system\Boot.php(360): CodeIgniter\CLI\Console->run()
#11 C:\xampp\htdocs\TestPsikolog_IMK\system\Boot.php(104): CodeIgniter\Boot::runCommand(Object(CodeIgniter\CLI\Console))
#12 C:\xampp\htdocs\TestPsikolog_IMK\spark(84): CodeIgniter\Boot::bootSpark(Object(Config\Paths))
#13 {main}
ERROR - 2025-05-25 07:33:05 --> mysqli_sql_exception: Can't create table `psikologi_test`.`test_result` (errno: 150 "Foreign key constraint is incorrectly formed") in C:\xampp\htdocs\TestPsikolog_IMK\system\Database\MySQLi\Connection.php:327
Stack trace:
#0 C:\xampp\htdocs\TestPsikolog_IMK\system\Database\MySQLi\Connection.php(327): mysqli->query('CREATE TABLE `t...', 0)
#1 C:\xampp\htdocs\TestPsikolog_IMK\system\Database\BaseConnection.php(738): CodeIgniter\Database\MySQLi\Connection->execute('CREATE TABLE `t...')
#2 C:\xampp\htdocs\TestPsikolog_IMK\system\Database\BaseConnection.php(652): CodeIgniter\Database\BaseConnection->simpleQuery('CREATE TABLE `t...')
#3 C:\xampp\htdocs\TestPsikolog_IMK\system\Database\Forge.php(570): CodeIgniter\Database\BaseConnection->query('CREATE TABLE `t...')
#4 C:\xampp\htdocs\TestPsikolog_IMK\app\Database\Migrations\2025-05-25-072947_CreateTestResultTable.php(51): CodeIgniter\Database\Forge->createTable('test_result')
#5 C:\xampp\htdocs\TestPsikolog_IMK\system\Database\MigrationRunner.php(866): App\Database\Migrations\CreateTestResultTable->up()
#6 C:\xampp\htdocs\TestPsikolog_IMK\system\Database\MigrationRunner.php(182): CodeIgniter\Database\MigrationRunner->migrate('up', Object(stdClass))
#7 C:\xampp\htdocs\TestPsikolog_IMK\system\Commands\Database\Migrate.php(85): CodeIgniter\Database\MigrationRunner->latest(NULL)
#8 C:\xampp\htdocs\TestPsikolog_IMK\system\CLI\Commands.php(70): CodeIgniter\Commands\Database\Migrate->run(Array)
#9 C:\xampp\htdocs\TestPsikolog_IMK\system\CLI\Console.php(48): CodeIgniter\CLI\Commands->run('migrate', Array)
#10 C:\xampp\htdocs\TestPsikolog_IMK\system\Boot.php(360): CodeIgniter\CLI\Console->run()
#11 C:\xampp\htdocs\TestPsikolog_IMK\system\Boot.php(104): CodeIgniter\Boot::runCommand(Object(CodeIgniter\CLI\Console))
#12 C:\xampp\htdocs\TestPsikolog_IMK\spark(84): CodeIgniter\Boot::bootSpark(Object(Config\Paths))
#13 {main}
DEBUG - 2025-05-25 09:16:52 --> Session: Class initialized using 'CodeIgniter\Session\Handlers\FileHandler' driver.
DEBUG - 2025-05-25 09:17:26 --> Session: Class initialized using 'CodeIgniter\Session\Handlers\FileHandler' driver.
DEBUG - 2025-05-25 09:28:55 --> Session: Class initialized using 'CodeIgniter\Session\Handlers\FileHandler' driver.
ERROR - 2025-05-25 09:33:38 --> mysqli_sql_exception: Unknown column 'created_at' in 'field list' in C:\xampp\htdocs\TestPsikolog_IMK\system\Database\MySQLi\Connection.php:327
Stack trace:
#0 C:\xampp\htdocs\TestPsikolog_IMK\system\Database\MySQLi\Connection.php(327): mysqli->query('INSERT INTO `te...', 0)
#1 C:\xampp\htdocs\TestPsikolog_IMK\system\Database\BaseConnection.php(738): CodeIgniter\Database\MySQLi\Connection->execute('INSERT INTO `te...')
#2 C:\xampp\htdocs\TestPsikolog_IMK\system\Database\BaseConnection.php(652): CodeIgniter\Database\BaseConnection->simpleQuery('INSERT INTO `te...')
#3 C:\xampp\htdocs\TestPsikolog_IMK\system\Database\BaseBuilder.php(2345): CodeIgniter\Database\BaseConnection->query('INSERT INTO `te...', Array, false)
#4 C:\xampp\htdocs\TestPsikolog_IMK\system\Model.php(394): CodeIgniter\Database\BaseBuilder->insert()
#5 C:\xampp\htdocs\TestPsikolog_IMK\system\BaseModel.php(839): CodeIgniter\Model->doInsert(Array)
#6 C:\xampp\htdocs\TestPsikolog_IMK\system\Model.php(800): CodeIgniter\BaseModel->insert(Array, false)
#7 C:\xampp\htdocs\TestPsikolog_IMK\system\BaseModel.php(750): CodeIgniter\Model->insert(Array, false)
#8 C:\xampp\htdocs\TestPsikolog_IMK\app\Controllers\Test.php(200): CodeIgniter\BaseModel->save(Array)
#9 C:\xampp\htdocs\TestPsikolog_IMK\system\CodeIgniter.php(933): App\Controllers\Test->getResult('1', '1')
#10 C:\xampp\htdocs\TestPsikolog_IMK\system\CodeIgniter.php(507): CodeIgniter\CodeIgniter->runController(Object(App\Controllers\Test))
#11 C:\xampp\htdocs\TestPsikolog_IMK\system\CodeIgniter.php(354): CodeIgniter\CodeIgniter->handleRequest(NULL, Object(Config\Cache), false)
#12 C:\xampp\htdocs\TestPsikolog_IMK\system\Boot.php(334): CodeIgniter\CodeIgniter->run()
#13 C:\xampp\htdocs\TestPsikolog_IMK\system\Boot.php(67): CodeIgniter\Boot::runCodeIgniter(Object(CodeIgniter\CodeIgniter))
#14 C:\xampp\htdocs\TestPsikolog_IMK\public\index.php(56): CodeIgniter\Boot::bootWeb(Object(Config\Paths))
#15 {main}
CRITICAL - 2025-05-25 09:33:38 --> CodeIgniter\Database\Exceptions\DatabaseException: Unknown column 'created_at' in 'field list'
[Method: GET, Route: test/result/1/1]
in SYSTEMPATH\Database\BaseConnection.php on line 692.
 1 SYSTEMPATH\Database\BaseBuilder.php(2345): CodeIgniter\Database\BaseConnection->query('INSERT INTO `test_result` (`id_user`, `id_test`, `interpretasi`, `skor_total`, `tanggal`, `created_at`, `updated_at`) VALUES (:id_user:, :id_test:, :interpretasi:, :skor_total:, :tanggal:, :created_at:, :updated_at:)', [...], false)
 2 SYSTEMPATH\Model.php(394): CodeIgniter\Database\BaseBuilder->insert()
 3 SYSTEMPATH\BaseModel.php(839): CodeIgniter\Model->doInsert([...])
 4 SYSTEMPATH\Model.php(800): CodeIgniter\BaseModel->insert([...], false)
 5 SYSTEMPATH\BaseModel.php(750): CodeIgniter\Model->insert([...], false)
 6 APPPATH\Controllers\Test.php(200): CodeIgniter\BaseModel->save([...])
 7 SYSTEMPATH\CodeIgniter.php(933): App\Controllers\Test->getResult('1', '1')
 8 SYSTEMPATH\CodeIgniter.php(507): CodeIgniter\CodeIgniter->runController(Object(App\Controllers\Test))
 9 SYSTEMPATH\CodeIgniter.php(354): CodeIgniter\CodeIgniter->handleRequest(null, Object(Config\Cache), false)
10 SYSTEMPATH\Boot.php(334): CodeIgniter\CodeIgniter->run()
11 SYSTEMPATH\Boot.php(67): CodeIgniter\Boot::runCodeIgniter(Object(CodeIgniter\CodeIgniter))
12 FCPATH\index.php(56): CodeIgniter\Boot::bootWeb(Object(Config\Paths))
CRITICAL - 2025-05-25 09:33:38 --> [Caused by] CodeIgniter\Database\Exceptions\DatabaseException: Unknown column 'created_at' in 'field list'
in SYSTEMPATH\Database\MySQLi\Connection.php on line 332.
 1 SYSTEMPATH\Database\BaseConnection.php(738): CodeIgniter\Database\MySQLi\Connection->execute('INSERT INTO `test_result` (`id_user`, `id_test`, `interpretasi`, `skor_total`, `tanggal`, `created_at`, `updated_at`) VALUES (\'1\', \'1\', \'Disarankan untuk melakukan eksplorasi lebih lanjut tentang potensi psikologi Anda.\', 0, \'2025-05-25\', \'2025-05-25 09:33:38\', \'2025-05-25 09:33:38\')')
 2 SYSTEMPATH\Database\BaseConnection.php(652): CodeIgniter\Database\BaseConnection->simpleQuery('INSERT INTO `test_result` (`id_user`, `id_test`, `interpretasi`, `skor_total`, `tanggal`, `created_at`, `updated_at`) VALUES (\'1\', \'1\', \'Disarankan untuk melakukan eksplorasi lebih lanjut tentang potensi psikologi Anda.\', 0, \'2025-05-25\', \'2025-05-25 09:33:38\', \'2025-05-25 09:33:38\')')
 3 SYSTEMPATH\Database\BaseBuilder.php(2345): CodeIgniter\Database\BaseConnection->query('INSERT INTO `test_result` (`id_user`, `id_test`, `interpretasi`, `skor_total`, `tanggal`, `created_at`, `updated_at`) VALUES (:id_user:, :id_test:, :interpretasi:, :skor_total:, :tanggal:, :created_at:, :updated_at:)', [...], false)
 4 SYSTEMPATH\Model.php(394): CodeIgniter\Database\BaseBuilder->insert()
 5 SYSTEMPATH\BaseModel.php(839): CodeIgniter\Model->doInsert([...])
 6 SYSTEMPATH\Model.php(800): CodeIgniter\BaseModel->insert([...], false)
 7 SYSTEMPATH\BaseModel.php(750): CodeIgniter\Model->insert([...], false)
 8 APPPATH\Controllers\Test.php(200): CodeIgniter\BaseModel->save([...])
 9 SYSTEMPATH\CodeIgniter.php(933): App\Controllers\Test->getResult('1', '1')
10 SYSTEMPATH\CodeIgniter.php(507): CodeIgniter\CodeIgniter->runController(Object(App\Controllers\Test))
11 SYSTEMPATH\CodeIgniter.php(354): CodeIgniter\CodeIgniter->handleRequest(null, Object(Config\Cache), false)
12 SYSTEMPATH\Boot.php(334): CodeIgniter\CodeIgniter->run()
13 SYSTEMPATH\Boot.php(67): CodeIgniter\Boot::runCodeIgniter(Object(CodeIgniter\CodeIgniter))
14 FCPATH\index.php(56): CodeIgniter\Boot::bootWeb(Object(Config\Paths))
CRITICAL - 2025-05-25 09:33:38 --> [Caused by] mysqli_sql_exception: Unknown column 'created_at' in 'field list'
in SYSTEMPATH\Database\MySQLi\Connection.php on line 327.
 1 SYSTEMPATH\Database\MySQLi\Connection.php(327): mysqli->query('INSERT INTO `test_result` (`id_user`, `id_test`, `interpretasi`, `skor_total`, `tanggal`, `created_at`, `updated_at`) VALUES (\'1\', \'1\', \'Disarankan untuk melakukan eksplorasi lebih lanjut tentang potensi psikologi Anda.\', 0, \'2025-05-25\', \'2025-05-25 09:33:38\', \'2025-05-25 09:33:38\')', 0)
 2 SYSTEMPATH\Database\BaseConnection.php(738): CodeIgniter\Database\MySQLi\Connection->execute('INSERT INTO `test_result` (`id_user`, `id_test`, `interpretasi`, `skor_total`, `tanggal`, `created_at`, `updated_at`) VALUES (\'1\', \'1\', \'Disarankan untuk melakukan eksplorasi lebih lanjut tentang potensi psikologi Anda.\', 0, \'2025-05-25\', \'2025-05-25 09:33:38\', \'2025-05-25 09:33:38\')')
 3 SYSTEMPATH\Database\BaseConnection.php(652): CodeIgniter\Database\BaseConnection->simpleQuery('INSERT INTO `test_result` (`id_user`, `id_test`, `interpretasi`, `skor_total`, `tanggal`, `created_at`, `updated_at`) VALUES (\'1\', \'1\', \'Disarankan untuk melakukan eksplorasi lebih lanjut tentang potensi psikologi Anda.\', 0, \'2025-05-25\', \'2025-05-25 09:33:38\', \'2025-05-25 09:33:38\')')
 4 SYSTEMPATH\Database\BaseBuilder.php(2345): CodeIgniter\Database\BaseConnection->query('INSERT INTO `test_result` (`id_user`, `id_test`, `interpretasi`, `skor_total`, `tanggal`, `created_at`, `updated_at`) VALUES (:id_user:, :id_test:, :interpretasi:, :skor_total:, :tanggal:, :created_at:, :updated_at:)', [...], false)
 5 SYSTEMPATH\Model.php(394): CodeIgniter\Database\BaseBuilder->insert()
 6 SYSTEMPATH\BaseModel.php(839): CodeIgniter\Model->doInsert([...])
 7 SYSTEMPATH\Model.php(800): CodeIgniter\BaseModel->insert([...], false)
 8 SYSTEMPATH\BaseModel.php(750): CodeIgniter\Model->insert([...], false)
 9 APPPATH\Controllers\Test.php(200): CodeIgniter\BaseModel->save([...])
10 SYSTEMPATH\CodeIgniter.php(933): App\Controllers\Test->getResult('1', '1')
11 SYSTEMPATH\CodeIgniter.php(507): CodeIgniter\CodeIgniter->runController(Object(App\Controllers\Test))
12 SYSTEMPATH\CodeIgniter.php(354): CodeIgniter\CodeIgniter->handleRequest(null, Object(Config\Cache), false)
13 SYSTEMPATH\Boot.php(334): CodeIgniter\CodeIgniter->run()
14 SYSTEMPATH\Boot.php(67): CodeIgniter\Boot::runCodeIgniter(Object(CodeIgniter\CodeIgniter))
15 FCPATH\index.php(56): CodeIgniter\Boot::bootWeb(Object(Config\Paths))
ERROR - 2025-05-25 09:35:17 --> mysqli_sql_exception: Unknown column 'created_at' in 'field list' in C:\xampp\htdocs\TestPsikolog_IMK\system\Database\MySQLi\Connection.php:327
Stack trace:
#0 C:\xampp\htdocs\TestPsikolog_IMK\system\Database\MySQLi\Connection.php(327): mysqli->query('INSERT INTO `te...', 0)
#1 C:\xampp\htdocs\TestPsikolog_IMK\system\Database\BaseConnection.php(738): CodeIgniter\Database\MySQLi\Connection->execute('INSERT INTO `te...')
#2 C:\xampp\htdocs\TestPsikolog_IMK\system\Database\BaseConnection.php(652): CodeIgniter\Database\BaseConnection->simpleQuery('INSERT INTO `te...')
#3 C:\xampp\htdocs\TestPsikolog_IMK\system\Database\BaseBuilder.php(2345): CodeIgniter\Database\BaseConnection->query('INSERT INTO `te...', Array, false)
#4 C:\xampp\htdocs\TestPsikolog_IMK\system\Model.php(394): CodeIgniter\Database\BaseBuilder->insert()
#5 C:\xampp\htdocs\TestPsikolog_IMK\system\BaseModel.php(839): CodeIgniter\Model->doInsert(Array)
#6 C:\xampp\htdocs\TestPsikolog_IMK\system\Model.php(800): CodeIgniter\BaseModel->insert(Array, false)
#7 C:\xampp\htdocs\TestPsikolog_IMK\system\BaseModel.php(750): CodeIgniter\Model->insert(Array, false)
#8 C:\xampp\htdocs\TestPsikolog_IMK\app\Controllers\Test.php(200): CodeIgniter\BaseModel->save(Array)
#9 C:\xampp\htdocs\TestPsikolog_IMK\system\CodeIgniter.php(933): App\Controllers\Test->getResult('1', '1')
#10 C:\xampp\htdocs\TestPsikolog_IMK\system\CodeIgniter.php(507): CodeIgniter\CodeIgniter->runController(Object(App\Controllers\Test))
#11 C:\xampp\htdocs\TestPsikolog_IMK\system\CodeIgniter.php(354): CodeIgniter\CodeIgniter->handleRequest(NULL, Object(Config\Cache), false)
#12 C:\xampp\htdocs\TestPsikolog_IMK\system\Boot.php(334): CodeIgniter\CodeIgniter->run()
#13 C:\xampp\htdocs\TestPsikolog_IMK\system\Boot.php(67): CodeIgniter\Boot::runCodeIgniter(Object(CodeIgniter\CodeIgniter))
#14 C:\xampp\htdocs\TestPsikolog_IMK\public\index.php(56): CodeIgniter\Boot::bootWeb(Object(Config\Paths))
#15 {main}
CRITICAL - 2025-05-25 09:35:17 --> CodeIgniter\Database\Exceptions\DatabaseException: Unknown column 'created_at' in 'field list'
[Method: GET, Route: test/result/1/1]
in SYSTEMPATH\Database\BaseConnection.php on line 692.
 1 SYSTEMPATH\Database\BaseBuilder.php(2345): CodeIgniter\Database\BaseConnection->query('INSERT INTO `test_result` (`id_user`, `id_test`, `interpretasi`, `skor_total`, `tanggal`, `created_at`, `updated_at`) VALUES (:id_user:, :id_test:, :interpretasi:, :skor_total:, :tanggal:, :created_at:, :updated_at:)', [...], false)
 2 SYSTEMPATH\Model.php(394): CodeIgniter\Database\BaseBuilder->insert()
 3 SYSTEMPATH\BaseModel.php(839): CodeIgniter\Model->doInsert([...])
 4 SYSTEMPATH\Model.php(800): CodeIgniter\BaseModel->insert([...], false)
 5 SYSTEMPATH\BaseModel.php(750): CodeIgniter\Model->insert([...], false)
 6 APPPATH\Controllers\Test.php(200): CodeIgniter\BaseModel->save([...])
 7 SYSTEMPATH\CodeIgniter.php(933): App\Controllers\Test->getResult('1', '1')
 8 SYSTEMPATH\CodeIgniter.php(507): CodeIgniter\CodeIgniter->runController(Object(App\Controllers\Test))
 9 SYSTEMPATH\CodeIgniter.php(354): CodeIgniter\CodeIgniter->handleRequest(null, Object(Config\Cache), false)
10 SYSTEMPATH\Boot.php(334): CodeIgniter\CodeIgniter->run()
11 SYSTEMPATH\Boot.php(67): CodeIgniter\Boot::runCodeIgniter(Object(CodeIgniter\CodeIgniter))
12 FCPATH\index.php(56): CodeIgniter\Boot::bootWeb(Object(Config\Paths))
CRITICAL - 2025-05-25 09:35:17 --> [Caused by] CodeIgniter\Database\Exceptions\DatabaseException: Unknown column 'created_at' in 'field list'
in SYSTEMPATH\Database\MySQLi\Connection.php on line 332.
 1 SYSTEMPATH\Database\BaseConnection.php(738): CodeIgniter\Database\MySQLi\Connection->execute('INSERT INTO `test_result` (`id_user`, `id_test`, `interpretasi`, `skor_total`, `tanggal`, `created_at`, `updated_at`) VALUES (\'1\', \'1\', \'Disarankan untuk melakukan eksplorasi lebih lanjut tentang potensi psikologi Anda.\', 0, \'2025-05-25\', \'2025-05-25 09:35:17\', \'2025-05-25 09:35:17\')')
 2 SYSTEMPATH\Database\BaseConnection.php(652): CodeIgniter\Database\BaseConnection->simpleQuery('INSERT INTO `test_result` (`id_user`, `id_test`, `interpretasi`, `skor_total`, `tanggal`, `created_at`, `updated_at`) VALUES (\'1\', \'1\', \'Disarankan untuk melakukan eksplorasi lebih lanjut tentang potensi psikologi Anda.\', 0, \'2025-05-25\', \'2025-05-25 09:35:17\', \'2025-05-25 09:35:17\')')
 3 SYSTEMPATH\Database\BaseBuilder.php(2345): CodeIgniter\Database\BaseConnection->query('INSERT INTO `test_result` (`id_user`, `id_test`, `interpretasi`, `skor_total`, `tanggal`, `created_at`, `updated_at`) VALUES (:id_user:, :id_test:, :interpretasi:, :skor_total:, :tanggal:, :created_at:, :updated_at:)', [...], false)
 4 SYSTEMPATH\Model.php(394): CodeIgniter\Database\BaseBuilder->insert()
 5 SYSTEMPATH\BaseModel.php(839): CodeIgniter\Model->doInsert([...])
 6 SYSTEMPATH\Model.php(800): CodeIgniter\BaseModel->insert([...], false)
 7 SYSTEMPATH\BaseModel.php(750): CodeIgniter\Model->insert([...], false)
 8 APPPATH\Controllers\Test.php(200): CodeIgniter\BaseModel->save([...])
 9 SYSTEMPATH\CodeIgniter.php(933): App\Controllers\Test->getResult('1', '1')
10 SYSTEMPATH\CodeIgniter.php(507): CodeIgniter\CodeIgniter->runController(Object(App\Controllers\Test))
11 SYSTEMPATH\CodeIgniter.php(354): CodeIgniter\CodeIgniter->handleRequest(null, Object(Config\Cache), false)
12 SYSTEMPATH\Boot.php(334): CodeIgniter\CodeIgniter->run()
13 SYSTEMPATH\Boot.php(67): CodeIgniter\Boot::runCodeIgniter(Object(CodeIgniter\CodeIgniter))
14 FCPATH\index.php(56): CodeIgniter\Boot::bootWeb(Object(Config\Paths))
CRITICAL - 2025-05-25 09:35:17 --> [Caused by] mysqli_sql_exception: Unknown column 'created_at' in 'field list'
in SYSTEMPATH\Database\MySQLi\Connection.php on line 327.
 1 SYSTEMPATH\Database\MySQLi\Connection.php(327): mysqli->query('INSERT INTO `test_result` (`id_user`, `id_test`, `interpretasi`, `skor_total`, `tanggal`, `created_at`, `updated_at`) VALUES (\'1\', \'1\', \'Disarankan untuk melakukan eksplorasi lebih lanjut tentang potensi psikologi Anda.\', 0, \'2025-05-25\', \'2025-05-25 09:35:17\', \'2025-05-25 09:35:17\')', 0)
 2 SYSTEMPATH\Database\BaseConnection.php(738): CodeIgniter\Database\MySQLi\Connection->execute('INSERT INTO `test_result` (`id_user`, `id_test`, `interpretasi`, `skor_total`, `tanggal`, `created_at`, `updated_at`) VALUES (\'1\', \'1\', \'Disarankan untuk melakukan eksplorasi lebih lanjut tentang potensi psikologi Anda.\', 0, \'2025-05-25\', \'2025-05-25 09:35:17\', \'2025-05-25 09:35:17\')')
 3 SYSTEMPATH\Database\BaseConnection.php(652): CodeIgniter\Database\BaseConnection->simpleQuery('INSERT INTO `test_result` (`id_user`, `id_test`, `interpretasi`, `skor_total`, `tanggal`, `created_at`, `updated_at`) VALUES (\'1\', \'1\', \'Disarankan untuk melakukan eksplorasi lebih lanjut tentang potensi psikologi Anda.\', 0, \'2025-05-25\', \'2025-05-25 09:35:17\', \'2025-05-25 09:35:17\')')
 4 SYSTEMPATH\Database\BaseBuilder.php(2345): CodeIgniter\Database\BaseConnection->query('INSERT INTO `test_result` (`id_user`, `id_test`, `interpretasi`, `skor_total`, `tanggal`, `created_at`, `updated_at`) VALUES (:id_user:, :id_test:, :interpretasi:, :skor_total:, :tanggal:, :created_at:, :updated_at:)', [...], false)
 5 SYSTEMPATH\Model.php(394): CodeIgniter\Database\BaseBuilder->insert()
 6 SYSTEMPATH\BaseModel.php(839): CodeIgniter\Model->doInsert([...])
 7 SYSTEMPATH\Model.php(800): CodeIgniter\BaseModel->insert([...], false)
 8 SYSTEMPATH\BaseModel.php(750): CodeIgniter\Model->insert([...], false)
 9 APPPATH\Controllers\Test.php(200): CodeIgniter\BaseModel->save([...])
10 SYSTEMPATH\CodeIgniter.php(933): App\Controllers\Test->getResult('1', '1')
11 SYSTEMPATH\CodeIgniter.php(507): CodeIgniter\CodeIgniter->runController(Object(App\Controllers\Test))
12 SYSTEMPATH\CodeIgniter.php(354): CodeIgniter\CodeIgniter->handleRequest(null, Object(Config\Cache), false)
13 SYSTEMPATH\Boot.php(334): CodeIgniter\CodeIgniter->run()
14 SYSTEMPATH\Boot.php(67): CodeIgniter\Boot::runCodeIgniter(Object(CodeIgniter\CodeIgniter))
15 FCPATH\index.php(56): CodeIgniter\Boot::bootWeb(Object(Config\Paths))
ERROR - 2025-05-25 09:37:22 --> mysqli_sql_exception: Unknown column 'created_at' in 'field list' in C:\xampp\htdocs\TestPsikolog_IMK\system\Database\MySQLi\Connection.php:327
Stack trace:
#0 C:\xampp\htdocs\TestPsikolog_IMK\system\Database\MySQLi\Connection.php(327): mysqli->query('INSERT INTO `te...', 0)
#1 C:\xampp\htdocs\TestPsikolog_IMK\system\Database\BaseConnection.php(738): CodeIgniter\Database\MySQLi\Connection->execute('INSERT INTO `te...')
#2 C:\xampp\htdocs\TestPsikolog_IMK\system\Database\BaseConnection.php(652): CodeIgniter\Database\BaseConnection->simpleQuery('INSERT INTO `te...')
#3 C:\xampp\htdocs\TestPsikolog_IMK\system\Database\BaseBuilder.php(2345): CodeIgniter\Database\BaseConnection->query('INSERT INTO `te...', Array, false)
#4 C:\xampp\htdocs\TestPsikolog_IMK\system\Model.php(394): CodeIgniter\Database\BaseBuilder->insert()
#5 C:\xampp\htdocs\TestPsikolog_IMK\system\BaseModel.php(839): CodeIgniter\Model->doInsert(Array)
#6 C:\xampp\htdocs\TestPsikolog_IMK\system\Model.php(800): CodeIgniter\BaseModel->insert(Array, false)
#7 C:\xampp\htdocs\TestPsikolog_IMK\system\BaseModel.php(750): CodeIgniter\Model->insert(Array, false)
#8 C:\xampp\htdocs\TestPsikolog_IMK\app\Controllers\Test.php(200): CodeIgniter\BaseModel->save(Array)
#9 C:\xampp\htdocs\TestPsikolog_IMK\system\CodeIgniter.php(933): App\Controllers\Test->getResult('1', '1')
#10 C:\xampp\htdocs\TestPsikolog_IMK\system\CodeIgniter.php(507): CodeIgniter\CodeIgniter->runController(Object(App\Controllers\Test))
#11 C:\xampp\htdocs\TestPsikolog_IMK\system\CodeIgniter.php(354): CodeIgniter\CodeIgniter->handleRequest(NULL, Object(Config\Cache), false)
#12 C:\xampp\htdocs\TestPsikolog_IMK\system\Boot.php(334): CodeIgniter\CodeIgniter->run()
#13 C:\xampp\htdocs\TestPsikolog_IMK\system\Boot.php(67): CodeIgniter\Boot::runCodeIgniter(Object(CodeIgniter\CodeIgniter))
#14 C:\xampp\htdocs\TestPsikolog_IMK\public\index.php(56): CodeIgniter\Boot::bootWeb(Object(Config\Paths))
#15 {main}
CRITICAL - 2025-05-25 09:37:22 --> CodeIgniter\Database\Exceptions\DatabaseException: Unknown column 'created_at' in 'field list'
[Method: GET, Route: test/result/1/1]
in SYSTEMPATH\Database\BaseConnection.php on line 692.
 1 SYSTEMPATH\Database\BaseBuilder.php(2345): CodeIgniter\Database\BaseConnection->query('INSERT INTO `test_result` (`id_user`, `id_test`, `interpretasi`, `skor_total`, `tanggal`, `created_at`, `updated_at`) VALUES (:id_user:, :id_test:, :interpretasi:, :skor_total:, :tanggal:, :created_at:, :updated_at:)', [...], false)
 2 SYSTEMPATH\Model.php(394): CodeIgniter\Database\BaseBuilder->insert()
 3 SYSTEMPATH\BaseModel.php(839): CodeIgniter\Model->doInsert([...])
 4 SYSTEMPATH\Model.php(800): CodeIgniter\BaseModel->insert([...], false)
 5 SYSTEMPATH\BaseModel.php(750): CodeIgniter\Model->insert([...], false)
 6 APPPATH\Controllers\Test.php(200): CodeIgniter\BaseModel->save([...])
 7 SYSTEMPATH\CodeIgniter.php(933): App\Controllers\Test->getResult('1', '1')
 8 SYSTEMPATH\CodeIgniter.php(507): CodeIgniter\CodeIgniter->runController(Object(App\Controllers\Test))
 9 SYSTEMPATH\CodeIgniter.php(354): CodeIgniter\CodeIgniter->handleRequest(null, Object(Config\Cache), false)
10 SYSTEMPATH\Boot.php(334): CodeIgniter\CodeIgniter->run()
11 SYSTEMPATH\Boot.php(67): CodeIgniter\Boot::runCodeIgniter(Object(CodeIgniter\CodeIgniter))
12 FCPATH\index.php(56): CodeIgniter\Boot::bootWeb(Object(Config\Paths))
CRITICAL - 2025-05-25 09:37:22 --> [Caused by] CodeIgniter\Database\Exceptions\DatabaseException: Unknown column 'created_at' in 'field list'
in SYSTEMPATH\Database\MySQLi\Connection.php on line 332.
 1 SYSTEMPATH\Database\BaseConnection.php(738): CodeIgniter\Database\MySQLi\Connection->execute('INSERT INTO `test_result` (`id_user`, `id_test`, `interpretasi`, `skor_total`, `tanggal`, `created_at`, `updated_at`) VALUES (\'1\', \'1\', \'Disarankan untuk melakukan eksplorasi lebih lanjut tentang potensi psikologi Anda.\', 0, \'2025-05-25\', \'2025-05-25 09:37:22\', \'2025-05-25 09:37:22\')')
 2 SYSTEMPATH\Database\BaseConnection.php(652): CodeIgniter\Database\BaseConnection->simpleQuery('INSERT INTO `test_result` (`id_user`, `id_test`, `interpretasi`, `skor_total`, `tanggal`, `created_at`, `updated_at`) VALUES (\'1\', \'1\', \'Disarankan untuk melakukan eksplorasi lebih lanjut tentang potensi psikologi Anda.\', 0, \'2025-05-25\', \'2025-05-25 09:37:22\', \'2025-05-25 09:37:22\')')
 3 SYSTEMPATH\Database\BaseBuilder.php(2345): CodeIgniter\Database\BaseConnection->query('INSERT INTO `test_result` (`id_user`, `id_test`, `interpretasi`, `skor_total`, `tanggal`, `created_at`, `updated_at`) VALUES (:id_user:, :id_test:, :interpretasi:, :skor_total:, :tanggal:, :created_at:, :updated_at:)', [...], false)
 4 SYSTEMPATH\Model.php(394): CodeIgniter\Database\BaseBuilder->insert()
 5 SYSTEMPATH\BaseModel.php(839): CodeIgniter\Model->doInsert([...])
 6 SYSTEMPATH\Model.php(800): CodeIgniter\BaseModel->insert([...], false)
 7 SYSTEMPATH\BaseModel.php(750): CodeIgniter\Model->insert([...], false)
 8 APPPATH\Controllers\Test.php(200): CodeIgniter\BaseModel->save([...])
 9 SYSTEMPATH\CodeIgniter.php(933): App\Controllers\Test->getResult('1', '1')
10 SYSTEMPATH\CodeIgniter.php(507): CodeIgniter\CodeIgniter->runController(Object(App\Controllers\Test))
11 SYSTEMPATH\CodeIgniter.php(354): CodeIgniter\CodeIgniter->handleRequest(null, Object(Config\Cache), false)
12 SYSTEMPATH\Boot.php(334): CodeIgniter\CodeIgniter->run()
13 SYSTEMPATH\Boot.php(67): CodeIgniter\Boot::runCodeIgniter(Object(CodeIgniter\CodeIgniter))
14 FCPATH\index.php(56): CodeIgniter\Boot::bootWeb(Object(Config\Paths))
CRITICAL - 2025-05-25 09:37:22 --> [Caused by] mysqli_sql_exception: Unknown column 'created_at' in 'field list'
in SYSTEMPATH\Database\MySQLi\Connection.php on line 327.
 1 SYSTEMPATH\Database\MySQLi\Connection.php(327): mysqli->query('INSERT INTO `test_result` (`id_user`, `id_test`, `interpretasi`, `skor_total`, `tanggal`, `created_at`, `updated_at`) VALUES (\'1\', \'1\', \'Disarankan untuk melakukan eksplorasi lebih lanjut tentang potensi psikologi Anda.\', 0, \'2025-05-25\', \'2025-05-25 09:37:22\', \'2025-05-25 09:37:22\')', 0)
 2 SYSTEMPATH\Database\BaseConnection.php(738): CodeIgniter\Database\MySQLi\Connection->execute('INSERT INTO `test_result` (`id_user`, `id_test`, `interpretasi`, `skor_total`, `tanggal`, `created_at`, `updated_at`) VALUES (\'1\', \'1\', \'Disarankan untuk melakukan eksplorasi lebih lanjut tentang potensi psikologi Anda.\', 0, \'2025-05-25\', \'2025-05-25 09:37:22\', \'2025-05-25 09:37:22\')')
 3 SYSTEMPATH\Database\BaseConnection.php(652): CodeIgniter\Database\BaseConnection->simpleQuery('INSERT INTO `test_result` (`id_user`, `id_test`, `interpretasi`, `skor_total`, `tanggal`, `created_at`, `updated_at`) VALUES (\'1\', \'1\', \'Disarankan untuk melakukan eksplorasi lebih lanjut tentang potensi psikologi Anda.\', 0, \'2025-05-25\', \'2025-05-25 09:37:22\', \'2025-05-25 09:37:22\')')
 4 SYSTEMPATH\Database\BaseBuilder.php(2345): CodeIgniter\Database\BaseConnection->query('INSERT INTO `test_result` (`id_user`, `id_test`, `interpretasi`, `skor_total`, `tanggal`, `created_at`, `updated_at`) VALUES (:id_user:, :id_test:, :interpretasi:, :skor_total:, :tanggal:, :created_at:, :updated_at:)', [...], false)
 5 SYSTEMPATH\Model.php(394): CodeIgniter\Database\BaseBuilder->insert()
 6 SYSTEMPATH\BaseModel.php(839): CodeIgniter\Model->doInsert([...])
 7 SYSTEMPATH\Model.php(800): CodeIgniter\BaseModel->insert([...], false)
 8 SYSTEMPATH\BaseModel.php(750): CodeIgniter\Model->insert([...], false)
 9 APPPATH\Controllers\Test.php(200): CodeIgniter\BaseModel->save([...])
10 SYSTEMPATH\CodeIgniter.php(933): App\Controllers\Test->getResult('1', '1')
11 SYSTEMPATH\CodeIgniter.php(507): CodeIgniter\CodeIgniter->runController(Object(App\Controllers\Test))
12 SYSTEMPATH\CodeIgniter.php(354): CodeIgniter\CodeIgniter->handleRequest(null, Object(Config\Cache), false)
13 SYSTEMPATH\Boot.php(334): CodeIgniter\CodeIgniter->run()
14 SYSTEMPATH\Boot.php(67): CodeIgniter\Boot::runCodeIgniter(Object(CodeIgniter\CodeIgniter))
15 FCPATH\index.php(56): CodeIgniter\Boot::bootWeb(Object(Config\Paths))
ERROR - 2025-05-25 09:40:23 --> mysqli_sql_exception: Cannot add or update a child row: a foreign key constraint fails (`psikologi_test`.`test_result`, CONSTRAINT `test_result_id_test_foreign` FOREIGN KEY (`id_test`) REFERENCES `test` (`id_test`) ON DELETE CASCADE ON UPDATE CASCADE) in C:\xampp\htdocs\TestPsikolog_IMK\system\Database\MySQLi\Connection.php:327
Stack trace:
#0 C:\xampp\htdocs\TestPsikolog_IMK\system\Database\MySQLi\Connection.php(327): mysqli->query('INSERT INTO `te...', 0)
#1 C:\xampp\htdocs\TestPsikolog_IMK\system\Database\BaseConnection.php(738): CodeIgniter\Database\MySQLi\Connection->execute('INSERT INTO `te...')
#2 C:\xampp\htdocs\TestPsikolog_IMK\system\Database\BaseConnection.php(652): CodeIgniter\Database\BaseConnection->simpleQuery('INSERT INTO `te...')
#3 C:\xampp\htdocs\TestPsikolog_IMK\system\Database\BaseBuilder.php(2345): CodeIgniter\Database\BaseConnection->query('INSERT INTO `te...', Array, false)
#4 C:\xampp\htdocs\TestPsikolog_IMK\system\Model.php(394): CodeIgniter\Database\BaseBuilder->insert()
#5 C:\xampp\htdocs\TestPsikolog_IMK\system\BaseModel.php(839): CodeIgniter\Model->doInsert(Array)
#6 C:\xampp\htdocs\TestPsikolog_IMK\system\Model.php(800): CodeIgniter\BaseModel->insert(Array, false)
#7 C:\xampp\htdocs\TestPsikolog_IMK\system\BaseModel.php(750): CodeIgniter\Model->insert(Array, false)
#8 C:\xampp\htdocs\TestPsikolog_IMK\app\Controllers\Test.php(200): CodeIgniter\BaseModel->save(Array)
#9 C:\xampp\htdocs\TestPsikolog_IMK\system\CodeIgniter.php(933): App\Controllers\Test->getResult('1', '1')
#10 C:\xampp\htdocs\TestPsikolog_IMK\system\CodeIgniter.php(507): CodeIgniter\CodeIgniter->runController(Object(App\Controllers\Test))
#11 C:\xampp\htdocs\TestPsikolog_IMK\system\CodeIgniter.php(354): CodeIgniter\CodeIgniter->handleRequest(NULL, Object(Config\Cache), false)
#12 C:\xampp\htdocs\TestPsikolog_IMK\system\Boot.php(334): CodeIgniter\CodeIgniter->run()
#13 C:\xampp\htdocs\TestPsikolog_IMK\system\Boot.php(67): CodeIgniter\Boot::runCodeIgniter(Object(CodeIgniter\CodeIgniter))
#14 C:\xampp\htdocs\TestPsikolog_IMK\public\index.php(56): CodeIgniter\Boot::bootWeb(Object(Config\Paths))
#15 {main}
CRITICAL - 2025-05-25 09:40:23 --> CodeIgniter\Database\Exceptions\DatabaseException: Cannot add or update a child row: a foreign key constraint fails (`psikologi_test`.`test_result`, CONSTRAINT `test_result_id_test_foreign` FOREIGN KEY (`id_test`) REFERENCES `test` (`id_test`) ON DELETE CASCADE ON UPDATE CASCADE)
[Method: GET, Route: test/result/1/1]
in SYSTEMPATH\Database\BaseConnection.php on line 692.
 1 SYSTEMPATH\Database\BaseBuilder.php(2345): CodeIgniter\Database\BaseConnection->query('INSERT INTO `test_result` (`id_user`, `id_test`, `interpretasi`, `skor_total`, `tanggal`) VALUES (:id_user:, :id_test:, :interpretasi:, :skor_total:, :tanggal:)', [...], false)
 2 SYSTEMPATH\Model.php(394): CodeIgniter\Database\BaseBuilder->insert()
 3 SYSTEMPATH\BaseModel.php(839): CodeIgniter\Model->doInsert([...])
 4 SYSTEMPATH\Model.php(800): CodeIgniter\BaseModel->insert([...], false)
 5 SYSTEMPATH\BaseModel.php(750): CodeIgniter\Model->insert([...], false)
 6 APPPATH\Controllers\Test.php(200): CodeIgniter\BaseModel->save([...])
 7 SYSTEMPATH\CodeIgniter.php(933): App\Controllers\Test->getResult('1', '1')
 8 SYSTEMPATH\CodeIgniter.php(507): CodeIgniter\CodeIgniter->runController(Object(App\Controllers\Test))
 9 SYSTEMPATH\CodeIgniter.php(354): CodeIgniter\CodeIgniter->handleRequest(null, Object(Config\Cache), false)
10 SYSTEMPATH\Boot.php(334): CodeIgniter\CodeIgniter->run()
11 SYSTEMPATH\Boot.php(67): CodeIgniter\Boot::runCodeIgniter(Object(CodeIgniter\CodeIgniter))
12 FCPATH\index.php(56): CodeIgniter\Boot::bootWeb(Object(Config\Paths))
CRITICAL - 2025-05-25 09:40:23 --> [Caused by] CodeIgniter\Database\Exceptions\DatabaseException: Cannot add or update a child row: a foreign key constraint fails (`psikologi_test`.`test_result`, CONSTRAINT `test_result_id_test_foreign` FOREIGN KEY (`id_test`) REFERENCES `test` (`id_test`) ON DELETE CASCADE ON UPDATE CASCADE)
in SYSTEMPATH\Database\MySQLi\Connection.php on line 332.
 1 SYSTEMPATH\Database\BaseConnection.php(738): CodeIgniter\Database\MySQLi\Connection->execute('INSERT INTO `test_result` (`id_user`, `id_test`, `interpretasi`, `skor_total`, `tanggal`) VALUES (\'1\', \'1\', \'Disarankan untuk melakukan eksplorasi lebih lanjut tentang potensi psikologi Anda.\', 0, \'2025-05-25\')')
 2 SYSTEMPATH\Database\BaseConnection.php(652): CodeIgniter\Database\BaseConnection->simpleQuery('INSERT INTO `test_result` (`id_user`, `id_test`, `interpretasi`, `skor_total`, `tanggal`) VALUES (\'1\', \'1\', \'Disarankan untuk melakukan eksplorasi lebih lanjut tentang potensi psikologi Anda.\', 0, \'2025-05-25\')')
 3 SYSTEMPATH\Database\BaseBuilder.php(2345): CodeIgniter\Database\BaseConnection->query('INSERT INTO `test_result` (`id_user`, `id_test`, `interpretasi`, `skor_total`, `tanggal`) VALUES (:id_user:, :id_test:, :interpretasi:, :skor_total:, :tanggal:)', [...], false)
 4 SYSTEMPATH\Model.php(394): CodeIgniter\Database\BaseBuilder->insert()
 5 SYSTEMPATH\BaseModel.php(839): CodeIgniter\Model->doInsert([...])
 6 SYSTEMPATH\Model.php(800): CodeIgniter\BaseModel->insert([...], false)
 7 SYSTEMPATH\BaseModel.php(750): CodeIgniter\Model->insert([...], false)
 8 APPPATH\Controllers\Test.php(200): CodeIgniter\BaseModel->save([...])
 9 SYSTEMPATH\CodeIgniter.php(933): App\Controllers\Test->getResult('1', '1')
10 SYSTEMPATH\CodeIgniter.php(507): CodeIgniter\CodeIgniter->runController(Object(App\Controllers\Test))
11 SYSTEMPATH\CodeIgniter.php(354): CodeIgniter\CodeIgniter->handleRequest(null, Object(Config\Cache), false)
12 SYSTEMPATH\Boot.php(334): CodeIgniter\CodeIgniter->run()
13 SYSTEMPATH\Boot.php(67): CodeIgniter\Boot::runCodeIgniter(Object(CodeIgniter\CodeIgniter))
14 FCPATH\index.php(56): CodeIgniter\Boot::bootWeb(Object(Config\Paths))
CRITICAL - 2025-05-25 09:40:23 --> [Caused by] mysqli_sql_exception: Cannot add or update a child row: a foreign key constraint fails (`psikologi_test`.`test_result`, CONSTRAINT `test_result_id_test_foreign` FOREIGN KEY (`id_test`) REFERENCES `test` (`id_test`) ON DELETE CASCADE ON UPDATE CASCADE)
in SYSTEMPATH\Database\MySQLi\Connection.php on line 327.
 1 SYSTEMPATH\Database\MySQLi\Connection.php(327): mysqli->query('INSERT INTO `test_result` (`id_user`, `id_test`, `interpretasi`, `skor_total`, `tanggal`) VALUES (\'1\', \'1\', \'Disarankan untuk melakukan eksplorasi lebih lanjut tentang potensi psikologi Anda.\', 0, \'2025-05-25\')', 0)
 2 SYSTEMPATH\Database\BaseConnection.php(738): CodeIgniter\Database\MySQLi\Connection->execute('INSERT INTO `test_result` (`id_user`, `id_test`, `interpretasi`, `skor_total`, `tanggal`) VALUES (\'1\', \'1\', \'Disarankan untuk melakukan eksplorasi lebih lanjut tentang potensi psikologi Anda.\', 0, \'2025-05-25\')')
 3 SYSTEMPATH\Database\BaseConnection.php(652): CodeIgniter\Database\BaseConnection->simpleQuery('INSERT INTO `test_result` (`id_user`, `id_test`, `interpretasi`, `skor_total`, `tanggal`) VALUES (\'1\', \'1\', \'Disarankan untuk melakukan eksplorasi lebih lanjut tentang potensi psikologi Anda.\', 0, \'2025-05-25\')')
 4 SYSTEMPATH\Database\BaseBuilder.php(2345): CodeIgniter\Database\BaseConnection->query('INSERT INTO `test_result` (`id_user`, `id_test`, `interpretasi`, `skor_total`, `tanggal`) VALUES (:id_user:, :id_test:, :interpretasi:, :skor_total:, :tanggal:)', [...], false)
 5 SYSTEMPATH\Model.php(394): CodeIgniter\Database\BaseBuilder->insert()
 6 SYSTEMPATH\BaseModel.php(839): CodeIgniter\Model->doInsert([...])
 7 SYSTEMPATH\Model.php(800): CodeIgniter\BaseModel->insert([...], false)
 8 SYSTEMPATH\BaseModel.php(750): CodeIgniter\Model->insert([...], false)
 9 APPPATH\Controllers\Test.php(200): CodeIgniter\BaseModel->save([...])
10 SYSTEMPATH\CodeIgniter.php(933): App\Controllers\Test->getResult('1', '1')
11 SYSTEMPATH\CodeIgniter.php(507): CodeIgniter\CodeIgniter->runController(Object(App\Controllers\Test))
12 SYSTEMPATH\CodeIgniter.php(354): CodeIgniter\CodeIgniter->handleRequest(null, Object(Config\Cache), false)
13 SYSTEMPATH\Boot.php(334): CodeIgniter\CodeIgniter->run()
14 SYSTEMPATH\Boot.php(67): CodeIgniter\Boot::runCodeIgniter(Object(CodeIgniter\CodeIgniter))
15 FCPATH\index.php(56): CodeIgniter\Boot::bootWeb(Object(Config\Paths))
DEBUG - 2025-05-25 09:43:42 --> Session: Class initialized using 'CodeIgniter\Session\Handlers\FileHandler' driver.
DEBUG - 2025-05-25 09:44:51 --> Session: Class initialized using 'CodeIgniter\Session\Handlers\FileHandler' driver.
DEBUG - 2025-05-25 12:04:57 --> Session: Class initialized using 'CodeIgniter\Session\Handlers\FileHandler' driver.
DEBUG - 2025-05-25 12:06:06 --> Session: Class initialized using 'CodeIgniter\Session\Handlers\FileHandler' driver.
